<?xml version="1.0" encoding="UTF-8"?>
<testng-results ignored="0" total="2" passed="2" failed="0" skipped="0">
  <reporter-output>
  </reporter-output>
  <suite started-at="2023-04-23T07:34:14Z" name="Suite" finished-at="2023-04-23T07:34:21Z" duration-ms="7427">
    <groups>
    </groups>
    <test started-at="2023-04-23T07:34:14Z" name="Test" finished-at="2023-04-23T07:34:21Z" duration-ms="7427">
      <class name="testcases.LoginTest">
        <test-method is-config="true" signature="ReportSetup()[pri:0, instance:testcases.LoginTest@119cbf96]" started-at="2023-04-23T07:34:14Z" name="ReportSetup" finished-at="2023-04-23T07:34:14Z" duration-ms="627" status="PASS">
          <reporter-output>
          </reporter-output>
        </test-method> <!-- ReportSetup -->
        <test-method is-config="true" signature="SetUp(java.lang.reflect.Method)[pri:0, instance:testcases.LoginTest@119cbf96]" started-at="2023-04-23T07:34:14Z" name="SetUp" finished-at="2023-04-23T07:34:18Z" duration-ms="3327" status="PASS">
          <params>
            <param index="0">
              <value>
                <![CDATA[public void testcases.LoginTest.invalidLogin() throws com.codoid.products.exception.FilloException]]>
              </value>
            </param>
          </params>
          <reporter-output>
          </reporter-output>
        </test-method> <!-- SetUp -->
        <test-method signature="invalidLogin()[pri:0, instance:testcases.LoginTest@119cbf96]" started-at="2023-04-23T07:34:18Z" name="invalidLogin" finished-at="2023-04-23T07:34:18Z" duration-ms="446" status="PASS">
          <reporter-output>
          </reporter-output>
        </test-method> <!-- invalidLogin -->
        <test-method is-config="true" signature="TearDown()[pri:0, instance:testcases.LoginTest@119cbf96]" started-at="2023-04-23T07:34:18Z" name="TearDown" finished-at="2023-04-23T07:34:18Z" duration-ms="152" status="PASS">
          <reporter-output>
          </reporter-output>
        </test-method> <!-- TearDown -->
        <test-method is-config="true" signature="SetUp(java.lang.reflect.Method)[pri:0, instance:testcases.LoginTest@119cbf96]" started-at="2023-04-23T07:34:18Z" name="SetUp" finished-at="2023-04-23T07:34:21Z" duration-ms="2319" status="PASS">
          <params>
            <param index="0">
              <value>
                <![CDATA[public void testcases.LoginTest.validLogin() throws com.codoid.products.exception.FilloException,java.lang.InterruptedException]]>
              </value>
            </param>
          </params>
          <reporter-output>
          </reporter-output>
        </test-method> <!-- SetUp -->
        <test-method signature="validLogin()[pri:0, instance:testcases.LoginTest@119cbf96]" started-at="2023-04-23T07:34:21Z" name="validLogin" finished-at="2023-04-23T07:34:21Z" duration-ms="406" status="PASS">
          <reporter-output>
          </reporter-output>
        </test-method> <!-- validLogin -->
        <test-method is-config="true" signature="TearDown()[pri:0, instance:testcases.LoginTest@119cbf96]" started-at="2023-04-23T07:34:21Z" name="TearDown" finished-at="2023-04-23T07:34:21Z" duration-ms="131" status="PASS">
          <reporter-output>
          </reporter-output>
        </test-method> <!-- TearDown -->
      </class> <!-- testcases.LoginTest -->
    </test> <!-- Test -->
  </suite> <!-- Suite -->
</testng-results>
